running egg_info
creating ../../build/turtlebot_control/turtlebot_control.egg-info
writing ../../build/turtlebot_control/turtlebot_control.egg-info/PKG-INFO
writing dependency_links to ../../build/turtlebot_control/turtlebot_control.egg-info/dependency_links.txt
writing entry points to ../../build/turtlebot_control/turtlebot_control.egg-info/entry_points.txt
writing requirements to ../../build/turtlebot_control/turtlebot_control.egg-info/requires.txt
writing top-level names to ../../build/turtlebot_control/turtlebot_control.egg-info/top_level.txt
writing manifest file '../../build/turtlebot_control/turtlebot_control.egg-info/SOURCES.txt'
reading manifest file '../../build/turtlebot_control/turtlebot_control.egg-info/SOURCES.txt'
writing manifest file '../../build/turtlebot_control/turtlebot_control.egg-info/SOURCES.txt'
running build
running build_py
creating /home/roushan/ros2_ws/build/turtlebot_control/build
creating /home/roushan/ros2_ws/build/turtlebot_control/build/lib
creating /home/roushan/ros2_ws/build/turtlebot_control/build/lib/turtlebot_control
copying turtlebot_control/keyboard_control.py -> /home/roushan/ros2_ws/build/turtlebot_control/build/lib/turtlebot_control
copying turtlebot_control/move_to_goal.py -> /home/roushan/ros2_ws/build/turtlebot_control/build/lib/turtlebot_control
copying turtlebot_control/__init__.py -> /home/roushan/ros2_ws/build/turtlebot_control/build/lib/turtlebot_control
copying turtlebot_control/constant_velocity.py -> /home/roushan/ros2_ws/build/turtlebot_control/build/lib/turtlebot_control
copying turtlebot_control/obstacle_avoidance.py -> /home/roushan/ros2_ws/build/turtlebot_control/build/lib/turtlebot_control
running install
running install_lib
creating /home/roushan/ros2_ws/install/turtlebot_control/lib/python3.10/site-packages/turtlebot_control
copying /home/roushan/ros2_ws/build/turtlebot_control/build/lib/turtlebot_control/keyboard_control.py -> /home/roushan/ros2_ws/install/turtlebot_control/lib/python3.10/site-packages/turtlebot_control
copying /home/roushan/ros2_ws/build/turtlebot_control/build/lib/turtlebot_control/move_to_goal.py -> /home/roushan/ros2_ws/install/turtlebot_control/lib/python3.10/site-packages/turtlebot_control
copying /home/roushan/ros2_ws/build/turtlebot_control/build/lib/turtlebot_control/__init__.py -> /home/roushan/ros2_ws/install/turtlebot_control/lib/python3.10/site-packages/turtlebot_control
copying /home/roushan/ros2_ws/build/turtlebot_control/build/lib/turtlebot_control/constant_velocity.py -> /home/roushan/ros2_ws/install/turtlebot_control/lib/python3.10/site-packages/turtlebot_control
copying /home/roushan/ros2_ws/build/turtlebot_control/build/lib/turtlebot_control/obstacle_avoidance.py -> /home/roushan/ros2_ws/install/turtlebot_control/lib/python3.10/site-packages/turtlebot_control
byte-compiling /home/roushan/ros2_ws/install/turtlebot_control/lib/python3.10/site-packages/turtlebot_control/keyboard_control.py to keyboard_control.cpython-310.pyc
byte-compiling /home/roushan/ros2_ws/install/turtlebot_control/lib/python3.10/site-packages/turtlebot_control/move_to_goal.py to move_to_goal.cpython-310.pyc
byte-compiling /home/roushan/ros2_ws/install/turtlebot_control/lib/python3.10/site-packages/turtlebot_control/__init__.py to __init__.cpython-310.pyc
byte-compiling /home/roushan/ros2_ws/install/turtlebot_control/lib/python3.10/site-packages/turtlebot_control/constant_velocity.py to constant_velocity.cpython-310.pyc
byte-compiling /home/roushan/ros2_ws/install/turtlebot_control/lib/python3.10/site-packages/turtlebot_control/obstacle_avoidance.py to obstacle_avoidance.cpython-310.pyc
running install_data
creating /home/roushan/ros2_ws/install/turtlebot_control/share/ament_index
creating /home/roushan/ros2_ws/install/turtlebot_control/share/ament_index/resource_index
creating /home/roushan/ros2_ws/install/turtlebot_control/share/ament_index/resource_index/packages
copying resource/turtlebot_control -> /home/roushan/ros2_ws/install/turtlebot_control/share/ament_index/resource_index/packages
copying package.xml -> /home/roushan/ros2_ws/install/turtlebot_control/share/turtlebot_control
running install_egg_info
Copying ../../build/turtlebot_control/turtlebot_control.egg-info to /home/roushan/ros2_ws/install/turtlebot_control/lib/python3.10/site-packages/turtlebot_control-0.0.0-py3.10.egg-info
running install_scripts
Installing constant_velocity script to /home/roushan/ros2_ws/install/turtlebot_control/lib/turtlebot_control
Installing keyboard_control script to /home/roushan/ros2_ws/install/turtlebot_control/lib/turtlebot_control
Installing move_to_goal script to /home/roushan/ros2_ws/install/turtlebot_control/lib/turtlebot_control
Installing obstacle_avoidance script to /home/roushan/ros2_ws/install/turtlebot_control/lib/turtlebot_control
writing list of installed files to '/home/roushan/ros2_ws/build/turtlebot_control/install.log'
