running egg_info
writing ../../build/turtlebot_control/turtlebot_control.egg-info/PKG-INFO
writing dependency_links to ../../build/turtlebot_control/turtlebot_control.egg-info/dependency_links.txt
writing entry points to ../../build/turtlebot_control/turtlebot_control.egg-info/entry_points.txt
writing requirements to ../../build/turtlebot_control/turtlebot_control.egg-info/requires.txt
writing top-level names to ../../build/turtlebot_control/turtlebot_control.egg-info/top_level.txt
reading manifest file '../../build/turtlebot_control/turtlebot_control.egg-info/SOURCES.txt'
writing manifest file '../../build/turtlebot_control/turtlebot_control.egg-info/SOURCES.txt'
running build
running build_py
running install
running install_lib
running install_data
copying package.xml -> /home/roushan/ros2_ws/install/turtlebot_control/share/turtlebot_control
running install_egg_info
removing '/home/roushan/ros2_ws/install/turtlebot_control/lib/python3.10/site-packages/turtlebot_control-0.0.0-py3.10.egg-info' (and everything under it)
Copying ../../build/turtlebot_control/turtlebot_control.egg-info to /home/roushan/ros2_ws/install/turtlebot_control/lib/python3.10/site-packages/turtlebot_control-0.0.0-py3.10.egg-info
running install_scripts
Installing constant_velocity script to /home/roushan/ros2_ws/install/turtlebot_control/lib/turtlebot_control
Installing keyboard_control script to /home/roushan/ros2_ws/install/turtlebot_control/lib/turtlebot_control
Installing move_to_goal script to /home/roushan/ros2_ws/install/turtlebot_control/lib/turtlebot_control
Installing obstacle_avoidance script to /home/roushan/ros2_ws/install/turtlebot_control/lib/turtlebot_control
writing list of installed files to '/home/roushan/ros2_ws/build/turtlebot_control/install.log'
