/home/roushan/ros2_ws/install/turtlebot_control/lib/python3.10/site-packages/turtlebot_control/keyboard_control.py
/home/roushan/ros2_ws/install/turtlebot_control/lib/python3.10/site-packages/turtlebot_control/move_to_goal.py
/home/roushan/ros2_ws/install/turtlebot_control/lib/python3.10/site-packages/turtlebot_control/__init__.py
/home/roushan/ros2_ws/install/turtlebot_control/lib/python3.10/site-packages/turtlebot_control/constant_velocity.py
/home/roushan/ros2_ws/install/turtlebot_control/lib/python3.10/site-packages/turtlebot_control/obstacle_avoidance.py
/home/roushan/ros2_ws/install/turtlebot_control/lib/python3.10/site-packages/turtlebot_control/__pycache__/keyboard_control.cpython-310.pyc
/home/roushan/ros2_ws/install/turtlebot_control/lib/python3.10/site-packages/turtlebot_control/__pycache__/move_to_goal.cpython-310.pyc
/home/roushan/ros2_ws/install/turtlebot_control/lib/python3.10/site-packages/turtlebot_control/__pycache__/__init__.cpython-310.pyc
/home/roushan/ros2_ws/install/turtlebot_control/lib/python3.10/site-packages/turtlebot_control/__pycache__/constant_velocity.cpython-310.pyc
/home/roushan/ros2_ws/install/turtlebot_control/lib/python3.10/site-packages/turtlebot_control/__pycache__/obstacle_avoidance.cpython-310.pyc
/home/roushan/ros2_ws/install/turtlebot_control/share/ament_index/resource_index/packages/turtlebot_control
/home/roushan/ros2_ws/install/turtlebot_control/share/turtlebot_control/package.xml
/home/roushan/ros2_ws/install/turtlebot_control/lib/python3.10/site-packages/turtlebot_control-0.0.0-py3.10.egg-info/requires.txt
/home/roushan/ros2_ws/install/turtlebot_control/lib/python3.10/site-packages/turtlebot_control-0.0.0-py3.10.egg-info/SOURCES.txt
/home/roushan/ros2_ws/install/turtlebot_control/lib/python3.10/site-packages/turtlebot_control-0.0.0-py3.10.egg-info/top_level.txt
/home/roushan/ros2_ws/install/turtlebot_control/lib/python3.10/site-packages/turtlebot_control-0.0.0-py3.10.egg-info/zip-safe
/home/roushan/ros2_ws/install/turtlebot_control/lib/python3.10/site-packages/turtlebot_control-0.0.0-py3.10.egg-info/dependency_links.txt
/home/roushan/ros2_ws/install/turtlebot_control/lib/python3.10/site-packages/turtlebot_control-0.0.0-py3.10.egg-info/entry_points.txt
/home/roushan/ros2_ws/install/turtlebot_control/lib/python3.10/site-packages/turtlebot_control-0.0.0-py3.10.egg-info/PKG-INFO
/home/roushan/ros2_ws/install/turtlebot_control/lib/turtlebot_control/constant_velocity
/home/roushan/ros2_ws/install/turtlebot_control/lib/turtlebot_control/keyboard_control
/home/roushan/ros2_ws/install/turtlebot_control/lib/turtlebot_control/move_to_goal
/home/roushan/ros2_ws/install/turtlebot_control/lib/turtlebot_control/obstacle_avoidance
